Starting project at /app
Starting Metro Bundler

warning: Bundler cache is empty, rebuilding (this may take a minute)
The following packages should be updated for best compatibility with the installed expo version:
  @shopify/flash-list@2.3.0 - expected version: 2.0.2
  @shopify/react-native-skia@2.5.2 - expected version: 2.4.18
  expo-camera@55.0.10 - expected version: ~55.0.11
  expo-constants@55.0.8 - expected version: ~55.0.9
  expo-linking@55.0.7 - expected version: ~55.0.8
  expo-router@55.0.6 - expected version: ~55.0.7
  expo-splash-screen@55.0.11 - expected version: ~55.0.12
  react-native-reanimated@4.2.2 - expected version: 4.2.1
  react-native-safe-area-context@5.7.0 - expected version: ~5.6.2
  react-native-screens@4.24.0 - expected version: ~4.23.0
  react-native-svg@15.15.4 - expected version: 15.15.3
  react-native-worklets@0.7.4 - expected version: 0.7.2
  jest-expo@55.0.10 - expected version: ~55.0.11
Your project may not work correctly until you install the expected versions of the packages.
Waiting on http://localhost:8081
Logs for your project will appear below.
