$ expo start --web
Starting project at /app
Starting Metro Bundler

The following packages should be updated for best compatibility with the installed expo version:
  expo@55.0.11 - expected version: ~55.0.12
  expo-blur@55.0.12 - expected version: ~55.0.13
  expo-camera@55.0.13 - expected version: ~55.0.14
  expo-constants@55.0.11 - expected version: ~55.0.12
  expo-haptics@55.0.11 - expected version: ~55.0.13
  expo-image-picker@55.0.16 - expected version: ~55.0.17
  expo-linear-gradient@55.0.11 - expected version: ~55.0.12
  expo-localization@55.0.11 - expected version: ~55.0.12
  expo-media-library@55.0.12 - expected version: ~55.0.13
  expo-router@55.0.10 - expected version: ~55.0.11
  expo-sharing@55.0.16 - expected version: ~55.0.17
  expo-splash-screen@55.0.15 - expected version: ~55.0.16
  expo-web-browser@55.0.12 - expected version: ~55.0.13
  jest-expo@55.0.13 - expected version: ~55.0.14
Your project may not work correctly until you install the expected versions of the packages.
Waiting on http://localhost:8081
Logs for your project will appear below.
Web node_modules/expo-router/entry.js ░░░░░░░░░░░░░░░░  0.0% (0/1)
Web node_modules/expo-router/entry.js ▓▓▓▓▓▓▓▓░░░░░░░░ 51.0% ( 852/1193)
λ node_modules/@expo/router-server/node/render.js ▓▓▓▓▓▓░░░░░░░░░░ 43.0% ( 757/1154)
Web node_modules/expo-router/entry.js ▓▓▓▓▓▓▓▓▓▓▓▓▓▓▓░ 97.1% (3885/3943)
λ node_modules/@expo/router-server/node/render.js ▓▓▓▓▓▓▓▓▓▓▓▓▓▓▓░ 96.6% (3813/3880)
λ Bundled 7846ms node_modules/@expo/router-server/node/render.js (3906 modules)
Supabase env variables missing. Using dummy client in DEV.
"shadow*" style props are deprecated. Use "boxShadow".
🌐 i18next is made possible by our own product, Locize — consider powering your project with managed localization (AI, CDN, integrations): https://locize.com 💙
λ  WARN  props.pointerEvents is deprecated. Use style.pointerEvents
Web node_modules/expo-router/entry.js ▓▓▓▓▓▓▓▓▓▓▓▓▓▓▓░ 99.9% (3954/3954)
Web Bundled 13301ms node_modules/expo-router/entry.js (3954 modules)
Web Bundled 3336ms node_modules/expo-router/entry.js (3954 modules)
Web node_modules/expo-router/entry.js ░░░░░░░░░░░░░░░░  0.0% (0/1)
λ Bundled 213ms node_modules/@expo/router-server/node/render.js (1 module)
Supabase env variables missing. Using dummy client in DEV.
"shadow*" style props are deprecated. Use "boxShadow".
λ  WARN  props.pointerEvents is deprecated. Use style.pointerEvents
Web Bundled 1587ms node_modules/expo-router/entry.js (1 module)
Web Bundled 154ms node_modules/expo-router/entry.js (1 module)
Web node_modules/expo-router/entry.js ░░░░░░░░░░░░░░░░  0.0% (0/1)
λ Bundled 222ms node_modules/@expo/router-server/node/render.js (1 module)
Supabase env variables missing. Using dummy client in DEV.
"shadow*" style props are deprecated. Use "boxShadow".
λ  WARN  props.pointerEvents is deprecated. Use style.pointerEvents
Web Bundled 1613ms node_modules/expo-router/entry.js (1 module)
Web Bundled 160ms node_modules/expo-router/entry.js (1 module)
